<?xml version="1.0" ?>
<!DOCTYPE html PUBLIC "-//W3C//DTD XHTML 1.0 Strict//EN" "http://www.w3.org/TR/xhtml1/DTD/xhtml1-strict.dtd">
<html xmlns="http://www.w3.org/1999/xhtml">
<head>
<title>t/notitle.txt</title>
<meta http-equiv="content-type" content="text/html; charset=utf-8" />
<link rev="made" href="mailto:root@localhost" />
</head>

<body style="background-color: white">


<!-- INDEX BEGIN -->
<div name="index">
<p><a name="__index__"></a></p>

<ul>

	<li><a href="#my_title">My Title</a></li>
</ul>

<hr name="index" />
</div>
<!-- INDEX END -->

<p>
</p>
<h1><a name="my_title">My Title</a></h1>
<p>This pod has no title, so the first =head1 directive is used.</p>
<p>
</p>
<hr />
<h1><a name="not_this_one">Not this one</a></h1>

</body>

</html>
